<component name="ProjectRunConfigurationManager">
  <configuration default="false" name="test-local" type="SpringBootApplicationConfigurationType" factoryName="Spring Boot">
    <option name="ALTERNATIVE_JRE_PATH" value="18" />
    <option name="ALTERNATIVE_JRE_PATH_ENABLED" value="true" />
    <module name="hi-filetransfers" />
    <option name="SPRING_BOOT_MAIN_CLASS" value="no.obos.hi.filetransfers.Application" />
    <extension name="net.ashald.envfile">
      <option name="IS_ENABLED" value="true" />
      <option name="IS_SUBST" value="false" />
      <option name="IS_PATH_MACRO_SUPPORTED" value="false" />
      <option name="IS_IGNORE_MISSING_FILES" value="false" />
      <option name="IS_ENABLE_EXPERIMENTAL_INTEGRATIONS" value="true" />
      <ENTRIES>
        <ENTRY IS_ENABLED="true" PARSER="runconfig" IS_EXECUTABLE="false" />
        <ENTRY IS_ENABLED="false" PARSER="env" IS_EXECUTABLE="false" PATH=".env/test-local.env" />
        <ENTRY IS_ENABLED="true" PARSER="env" IS_EXECUTABLE="false" PATH=".env/test-local.env" />
        <ENTRY IS_ENABLED="true" PARSER="env" IS_EXECUTABLE="false" PATH="$USER_HOME$/.vault/hi-filetransfers/v1/test.env" />
      </ENTRIES>
    </extension>
    <method v="2">
      <option name="Make" enabled="true" />
    </method>
  </configuration>
</component>